[2024-11-17 10:44:09] Checking folder: 미래기업
[2024-11-17 10:44:10] Folder exists: 미래기업 (ID: 1FBRkX1zC7Y0-uzQJosZ7qXmB7lYUUCKK)
[2024-11-17 10:44:10] Checking folder: uploads
[2024-11-17 10:44:10] Folder exists: uploads (ID: 1aSjCLCf_1apFHW1TMxxWxLKIIn6ZRcNl)
[2024-11-17 10:44:10] Processing file: BS.jpg
[2024-11-17 10:44:13] File uploaded successfully: BS.jpg (ID: 1tlBFBCfDvT9nE8W1pqtV9wPdnYI2SUCc)
[2024-11-17 10:44:13] File saved to database: 1tlBFBCfDvT9nE8W1pqtV9wPdnYI2SUCc
[2024-11-17 10:51:26] Checking folder: 미래기업
[2024-11-17 10:51:27] Folder exists: 미래기업 (ID: 1wFPwb_VM2awlS5HGsQ78BBbD9cyCWJkn)
[2024-11-17 10:51:27] Checking folder: uploads
[2024-11-17 10:51:28] Folder exists: uploads (ID: 1g-NBG8MG_0O2uZh_tNBbapr-PKw9r8R8)
[2024-11-17 10:51:28] Processing file: RT.jpg
[2024-11-17 10:51:30] File uploaded successfully: RT.jpg (ID: 1IDhnSvH8xBU1q0T6gg_gLI87K69i5gFQ)
[2024-11-17 10:51:30] File saved to database: 1IDhnSvH8xBU1q0T6gg_gLI87K69i5gFQ
[2024-11-17 10:59:43] Folder exists: 미래기업 (ID: 1wFPwb_VM2awlS5HGsQ78BBbD9cyCWJkn)
[2024-11-17 10:59:43] Folder exists: uploads (ID: 1g-NBG8MG_0O2uZh_tNBbapr-PKw9r8R8)
[2024-11-17 10:59:47] File uploaded successfully: LA.jpg (ID: 18JAFp6JmzQD5YFlvPAsmtogOspTPdTYE, Link: https://drive.google.com/file/d/18JAFp6JmzQD5YFlvPAsmtogOspTPdTYE/view?usp=drivesdk)
[2024-11-17 10:59:48] File made public: 18JAFp6JmzQD5YFlvPAsmtogOspTPdTYE
[2024-11-17 11:10:34] Folder exists: 미래기업 (ID: 1wFPwb_VM2awlS5HGsQ78BBbD9cyCWJkn)
[2024-11-17 11:10:34] Folder exists: uploads (ID: 1g-NBG8MG_0O2uZh_tNBbapr-PKw9r8R8)
[2024-11-17 11:10:37] File uploaded successfully: LA.jpg (ID: 1j1WAPVM6p4Y4d42TL8G0nT4bOtj_xm9E, Link: https://drive.google.com/file/d/1j1WAPVM6p4Y4d42TL8G0nT4bOtj_xm9E/view?usp=drivesdk)
[2024-11-17 11:10:38] File made public: 1j1WAPVM6p4Y4d42TL8G0nT4bOtj_xm9E
[2024-11-17 11:27:37] Folder exists: 미래기업 (ID: 1wFPwb_VM2awlS5HGsQ78BBbD9cyCWJkn)
[2024-11-17 11:27:38] Folder exists: uploads (ID: 1g-NBG8MG_0O2uZh_tNBbapr-PKw9r8R8)
[2024-11-17 11:27:40] File uploaded successfully: LA.jpg (ID: 1-fCCPD0K0-liO-CMgSHGhZBEt2a7YkfA, Link: https://drive.google.com/file/d/1-fCCPD0K0-liO-CMgSHGhZBEt2a7YkfA/view?usp=drivesdk)
[2024-11-17 11:27:42] File made public: 1-fCCPD0K0-liO-CMgSHGhZBEt2a7YkfA
[2024-11-17 16:06:22] Folder exists: 미래기업 (ID: 1wFPwb_VM2awlS5HGsQ78BBbD9cyCWJkn)
[2024-11-17 16:06:22] Folder exists: uploads (ID: 1g-NBG8MG_0O2uZh_tNBbapr-PKw9r8R8)
[2024-11-17 16:06:25] File uploaded successfully: CF.jpg (ID: 1kftN_njze1v0pHieop_WSgWoNgmd-cxi, Link: https://drive.google.com/file/d/1kftN_njze1v0pHieop_WSgWoNgmd-cxi/view?usp=drivesdk)
[2024-11-17 16:06:26] File made public: 1kftN_njze1v0pHieop_WSgWoNgmd-cxi
[2024-11-17 16:41:50] Folder exists: 미래기업 (ID: 1wFPwb_VM2awlS5HGsQ78BBbD9cyCWJkn)
[2024-11-17 16:41:50] Folder exists: uploads (ID: 1g-NBG8MG_0O2uZh_tNBbapr-PKw9r8R8)
[2024-11-17 16:41:53] File uploaded successfully: GI.jpg (ID: 1BhxUj-BDP2mRDMwGVFF9MApzZw-Lv80c, Link: https://drive.google.com/file/d/1BhxUj-BDP2mRDMwGVFF9MApzZw-Lv80c/view?usp=drivesdk)
[2024-11-17 16:41:54] File made public: 1BhxUj-BDP2mRDMwGVFF9MApzZw-Lv80c
[2024-11-17 16:53:16] Folder exists: 미래기업 (ID: 1wFPwb_VM2awlS5HGsQ78BBbD9cyCWJkn)
[2024-11-17 16:53:16] Folder exists: uploads (ID: 1g-NBG8MG_0O2uZh_tNBbapr-PKw9r8R8)
[2024-11-17 16:53:18] File uploaded successfully: default-thumbnail.png (ID: 1R787fNn0kIDFwU6jIXGEuGD4lvku0YQS, Link: https://drive.google.com/file/d/1R787fNn0kIDFwU6jIXGEuGD4lvku0YQS/view?usp=drivesdk)
[2024-11-17 16:53:19] File made public: 1R787fNn0kIDFwU6jIXGEuGD4lvku0YQS
[2024-11-17 16:53:37] Folder exists: 미래기업 (ID: 1wFPwb_VM2awlS5HGsQ78BBbD9cyCWJkn)
[2024-11-17 16:53:38] Folder exists: uploads (ID: 1g-NBG8MG_0O2uZh_tNBbapr-PKw9r8R8)
[2024-11-17 16:53:40] File uploaded successfully: SM.jpg (ID: 1D6EhPvL2dx1MFSIRgLLof4jUWGt9LLyv, Link: https://drive.google.com/file/d/1D6EhPvL2dx1MFSIRgLLof4jUWGt9LLyv/view?usp=drivesdk)
[2024-11-17 16:53:41] File made public: 1D6EhPvL2dx1MFSIRgLLof4jUWGt9LLyv
[2024-11-18 07:54:01] Folder exists: 미래기업 (ID: 1wFPwb_VM2awlS5HGsQ78BBbD9cyCWJkn)
[2024-11-18 07:54:01] Folder exists: uploads (ID: 1g-NBG8MG_0O2uZh_tNBbapr-PKw9r8R8)
[2024-11-18 07:54:03] File uploaded successfully: default-thumbnail.png (ID: 108MBFkRlyRJTpxNcy1DvKxv0sLzeB4Dp, Link: https://drive.google.com/file/d/108MBFkRlyRJTpxNcy1DvKxv0sLzeB4Dp/view?usp=drivesdk)
[2024-11-18 07:54:05] File made public: 108MBFkRlyRJTpxNcy1DvKxv0sLzeB4Dp
[2024-11-20 16:30:50] Folder exists: 미래기업 (ID: 1wFPwb_VM2awlS5HGsQ78BBbD9cyCWJkn)
[2024-11-20 16:30:51] Folder exists: uploads (ID: 1g-NBG8MG_0O2uZh_tNBbapr-PKw9r8R8)
[2024-11-20 16:30:53] File uploaded successfully: 화면 캡처 2024-02-27 172656.jpg (ID: 1XyerVl57JdqM4mHYux0tWDO74VpgM0PE, Link: https://drive.google.com/file/d/1XyerVl57JdqM4mHYux0tWDO74VpgM0PE/view?usp=drivesdk)
[2024-11-20 16:30:54] File made public: 1XyerVl57JdqM4mHYux0tWDO74VpgM0PE
[2024-11-20 16:33:05] Folder exists: 미래기업 (ID: 1wFPwb_VM2awlS5HGsQ78BBbD9cyCWJkn)
[2024-11-20 16:33:05] Folder exists: uploads (ID: 1g-NBG8MG_0O2uZh_tNBbapr-PKw9r8R8)
[2024-11-20 16:33:08] File uploaded successfully: 027.png (ID: 1DNjs36cBqLe8UoHiMOE-l19YhUVSrPWy, Link: https://drive.google.com/file/d/1DNjs36cBqLe8UoHiMOE-l19YhUVSrPWy/view?usp=drivesdk)
[2024-11-20 16:33:09] File made public: 1DNjs36cBqLe8UoHiMOE-l19YhUVSrPWy
[2024-11-22 15:43:44] Folder exists: 미래기업 (ID: 1wFPwb_VM2awlS5HGsQ78BBbD9cyCWJkn)
[2024-11-22 15:43:44] Folder exists: uploads (ID: 1g-NBG8MG_0O2uZh_tNBbapr-PKw9r8R8)
[2024-11-22 15:43:46] File uploaded successfully: 027.png (ID: 1X8DTkIoU6NdSmP0u3coGm2EiWNKBPnrR, Link: https://drive.google.com/file/d/1X8DTkIoU6NdSmP0u3coGm2EiWNKBPnrR/view?usp=drivesdk)
[2024-11-22 15:43:47] File made public: 1X8DTkIoU6NdSmP0u3coGm2EiWNKBPnrR
[2024-11-22 15:44:34] Folder exists: 미래기업 (ID: 1wFPwb_VM2awlS5HGsQ78BBbD9cyCWJkn)
[2024-11-22 15:44:34] Folder exists: uploads (ID: 1g-NBG8MG_0O2uZh_tNBbapr-PKw9r8R8)
[2024-11-22 15:44:37] File uploaded successfully: 화면 캡처 2024-02-27 172656.jpg (ID: 1mPWWtAVYjK9PClcOi6HO4dk2-jwZ7qcj, Link: https://drive.google.com/file/d/1mPWWtAVYjK9PClcOi6HO4dk2-jwZ7qcj/view?usp=drivesdk)
[2024-11-22 15:44:37] File made public: 1mPWWtAVYjK9PClcOi6HO4dk2-jwZ7qcj
[2024-11-25 16:36:27] Folder exists: 미래기업 (ID: 1wFPwb_VM2awlS5HGsQ78BBbD9cyCWJkn)
[2024-11-25 16:36:27] Folder exists: uploads (ID: 1g-NBG8MG_0O2uZh_tNBbapr-PKw9r8R8)
[2024-11-25 16:36:31] File uploaded successfully: N20_2.png (ID: 1eJNgAufr5-KLFFZ8SrTI41Xl2olKM9Ki, Link: https://drive.google.com/file/d/1eJNgAufr5-KLFFZ8SrTI41Xl2olKM9Ki/view?usp=drivesdk)
[2024-11-25 16:36:32] File made public: 1eJNgAufr5-KLFFZ8SrTI41Xl2olKM9Ki
[2024-12-10 15:18:28] Folder exists: 미래기업 (ID: 1wFPwb_VM2awlS5HGsQ78BBbD9cyCWJkn)
[2024-12-10 15:18:28] Folder exists: uploads (ID: 1g-NBG8MG_0O2uZh_tNBbapr-PKw9r8R8)
[2024-12-10 15:18:31] File uploaded successfully: image (2).png (ID: 1DluR5oUQi817U9FpbAUTMLMQ0VXr-2fw, Link: https://drive.google.com/file/d/1DluR5oUQi817U9FpbAUTMLMQ0VXr-2fw/view?usp=drivesdk)
[2024-12-10 15:18:36] File made public: 1DluR5oUQi817U9FpbAUTMLMQ0VXr-2fw
[2024-12-10 15:18:44] Folder exists: 미래기업 (ID: 1wFPwb_VM2awlS5HGsQ78BBbD9cyCWJkn)
[2024-12-10 15:18:45] Folder exists: uploads (ID: 1g-NBG8MG_0O2uZh_tNBbapr-PKw9r8R8)
[2024-12-10 15:18:47] File uploaded successfully: image (2).png (ID: 1KPVGjF_O49TIejroQAbcHddh9I0uflQD, Link: https://drive.google.com/file/d/1KPVGjF_O49TIejroQAbcHddh9I0uflQD/view?usp=drivesdk)
[2024-12-10 15:18:48] File made public: 1KPVGjF_O49TIejroQAbcHddh9I0uflQD
[2024-12-10 15:20:16] Folder exists: 미래기업 (ID: 1wFPwb_VM2awlS5HGsQ78BBbD9cyCWJkn)
[2024-12-10 15:20:17] Folder exists: uploads (ID: 1g-NBG8MG_0O2uZh_tNBbapr-PKw9r8R8)
[2024-12-10 15:20:19] File uploaded successfully: KakaoTalk_20241210_134051886_01.jpg (ID: 1p7qL5Jjf-RW3wm4g8n9pwVuU1rYQeV5F, Link: https://drive.google.com/file/d/1p7qL5Jjf-RW3wm4g8n9pwVuU1rYQeV5F/view?usp=drivesdk)
[2024-12-10 15:20:20] File made public: 1p7qL5Jjf-RW3wm4g8n9pwVuU1rYQeV5F
[2024-12-10 15:25:28] Folder exists: 미래기업 (ID: 1wFPwb_VM2awlS5HGsQ78BBbD9cyCWJkn)
[2024-12-10 15:25:29] Folder exists: uploads (ID: 1g-NBG8MG_0O2uZh_tNBbapr-PKw9r8R8)
[2024-12-10 15:25:31] File uploaded successfully: ceilingdone8.jpg (ID: 1E2eLo3aciz9R5p8ER_UhyHivZAIINAgM, Link: https://drive.google.com/file/d/1E2eLo3aciz9R5p8ER_UhyHivZAIINAgM/view?usp=drivesdk)
[2024-12-10 15:25:32] File made public: 1E2eLo3aciz9R5p8ER_UhyHivZAIINAgM
[2024-12-10 17:10:41] Folder exists: 미래기업 (ID: 1wFPwb_VM2awlS5HGsQ78BBbD9cyCWJkn)
[2024-12-10 17:10:41] Folder exists: uploads (ID: 1g-NBG8MG_0O2uZh_tNBbapr-PKw9r8R8)
[2024-12-10 17:10:44] File uploaded successfully: 특수 3.jpg (ID: 16aown-1Il0AWrbFQKQe1W2iVPCtoRqIl, Link: https://drive.google.com/file/d/16aown-1Il0AWrbFQKQe1W2iVPCtoRqIl/view?usp=drivesdk)
[2024-12-10 17:10:45] File made public: 16aown-1Il0AWrbFQKQe1W2iVPCtoRqIl
[2024-12-13 09:17:52] Folder exists: 미래기업 (ID: 1wFPwb_VM2awlS5HGsQ78BBbD9cyCWJkn)
[2024-12-13 09:17:53] Folder exists: uploads (ID: 1g-NBG8MG_0O2uZh_tNBbapr-PKw9r8R8)
[2024-12-13 09:17:55] File uploaded successfully: 026_1.png (ID: 1pRRfveP0qecuMbbtDWhSEFtkXBl6wXoQ, Link: https://drive.google.com/file/d/1pRRfveP0qecuMbbtDWhSEFtkXBl6wXoQ/view?usp=drivesdk)
[2024-12-13 09:17:56] File made public: 1pRRfveP0qecuMbbtDWhSEFtkXBl6wXoQ
[2024-12-19 09:08:00] Folder exists: 미래기업 (ID: 1wFPwb_VM2awlS5HGsQ78BBbD9cyCWJkn)
[2024-12-19 09:08:00] Folder exists: uploads (ID: 1g-NBG8MG_0O2uZh_tNBbapr-PKw9r8R8)
[2024-12-19 09:08:02] File uploaded successfully: 화면 캡처 2024-12-19 090736.jpg (ID: 1QXsuj6wyln69mAdeSTZdMvrn3GjIPUy0, Link: https://drive.google.com/file/d/1QXsuj6wyln69mAdeSTZdMvrn3GjIPUy0/view?usp=drivesdk)
[2024-12-19 09:08:03] File made public: 1QXsuj6wyln69mAdeSTZdMvrn3GjIPUy0
[2024-12-19 09:09:50] Folder exists: 미래기업 (ID: 1wFPwb_VM2awlS5HGsQ78BBbD9cyCWJkn)
[2024-12-19 09:09:51] Folder exists: uploads (ID: 1g-NBG8MG_0O2uZh_tNBbapr-PKw9r8R8)
[2024-12-19 09:09:53] File uploaded successfully: 화면 캡처 2024-12-19 090736.jpg (ID: 1Trp-N08YdcgTtWqLQSO8oViliHubdvQS, Link: https://drive.google.com/file/d/1Trp-N08YdcgTtWqLQSO8oViliHubdvQS/view?usp=drivesdk)
[2024-12-19 09:09:55] File made public: 1Trp-N08YdcgTtWqLQSO8oViliHubdvQS
[2024-12-19 09:10:29] Folder exists: 미래기업 (ID: 1wFPwb_VM2awlS5HGsQ78BBbD9cyCWJkn)
[2024-12-19 09:10:29] Folder exists: uploads (ID: 1g-NBG8MG_0O2uZh_tNBbapr-PKw9r8R8)
[2024-12-19 09:10:32] File uploaded successfully: 화면 캡처 2024-12-19 090736.jpg (ID: 1TGQhVt3i948eLo2J4H1LgfQ4l4_ZzCpq, Link: https://drive.google.com/file/d/1TGQhVt3i948eLo2J4H1LgfQ4l4_ZzCpq/view?usp=drivesdk)
[2024-12-19 09:10:33] File made public: 1TGQhVt3i948eLo2J4H1LgfQ4l4_ZzCpq
[2024-12-23 16:40:09] Folder exists: 미래기업 (ID: 1wFPwb_VM2awlS5HGsQ78BBbD9cyCWJkn)
[2024-12-23 16:40:10] Folder exists: uploads (ID: 1g-NBG8MG_0O2uZh_tNBbapr-PKw9r8R8)
[2024-12-23 16:40:12] File uploaded successfully: 화면 캡처 2024-07-11 164238.jpg (ID: 1eEk8jw7-VXJ8F5k3B5BdW6t2vd7J4d41, Link: https://drive.google.com/file/d/1eEk8jw7-VXJ8F5k3B5BdW6t2vd7J4d41/view?usp=drivesdk)
[2024-12-23 16:40:15] File made public: 1eEk8jw7-VXJ8F5k3B5BdW6t2vd7J4d41
[2024-12-27 17:27:26] Folder exists: 미래기업 (ID: 1wFPwb_VM2awlS5HGsQ78BBbD9cyCWJkn)
[2024-12-27 17:27:26] Folder exists: uploads (ID: 1g-NBG8MG_0O2uZh_tNBbapr-PKw9r8R8)
[2024-12-27 17:27:29] File uploaded successfully: N20_1.png (ID: 1c4XZg--5a9k3-9v5D8rq_L5r2rIG6EOS, Link: https://drive.google.com/file/d/1c4XZg--5a9k3-9v5D8rq_L5r2rIG6EOS/view?usp=drivesdk)
[2024-12-27 17:27:30] File made public: 1c4XZg--5a9k3-9v5D8rq_L5r2rIG6EOS
[2025-01-02 11:46:53] Folder exists: 미래기업 (ID: 1wFPwb_VM2awlS5HGsQ78BBbD9cyCWJkn)
[2025-01-02 11:46:54] Folder exists: uploads (ID: 1g-NBG8MG_0O2uZh_tNBbapr-PKw9r8R8)
[2025-01-02 11:46:56] File uploaded successfully: 026_1.png (ID: 1H-n8Q79cMmd5Yx91KTiJLVtSx3_X09Th, Link: https://drive.google.com/file/d/1H-n8Q79cMmd5Yx91KTiJLVtSx3_X09Th/view?usp=drivesdk)
[2025-01-02 11:46:57] File made public: 1H-n8Q79cMmd5Yx91KTiJLVtSx3_X09Th
[2025-01-08 17:32:03] Folder exists: 미래기업 (ID: 1wFPwb_VM2awlS5HGsQ78BBbD9cyCWJkn)
[2025-01-08 17:32:03] Folder exists: uploads (ID: 1g-NBG8MG_0O2uZh_tNBbapr-PKw9r8R8)
[2025-01-08 17:32:05] File uploaded successfully: N20_2.png (ID: 1vkoMRmSOXCcH9iTAAZ79II8_jvZqAIzw, Link: https://drive.google.com/file/d/1vkoMRmSOXCcH9iTAAZ79II8_jvZqAIzw/view?usp=drivesdk)
[2025-01-08 17:32:06] File made public: 1vkoMRmSOXCcH9iTAAZ79II8_jvZqAIzw
[2025-01-13 10:11:45] Folder exists: 미래기업 (ID: 1wFPwb_VM2awlS5HGsQ78BBbD9cyCWJkn)
[2025-01-13 10:11:46] Folder exists: uploads (ID: 1g-NBG8MG_0O2uZh_tNBbapr-PKw9r8R8)
[2025-01-13 10:11:48] File uploaded successfully: 026_1.png (ID: 1mKyMWEgdw_ta_QC_3oTzm4T33TRt_ahA, Link: https://drive.google.com/file/d/1mKyMWEgdw_ta_QC_3oTzm4T33TRt_ahA/view?usp=drivesdk)
[2025-01-13 10:11:49] File made public: 1mKyMWEgdw_ta_QC_3oTzm4T33TRt_ahA
[2025-01-21 10:45:01] Folder exists: 미래기업 (ID: 1wFPwb_VM2awlS5HGsQ78BBbD9cyCWJkn)
[2025-01-21 10:45:01] Folder exists: uploads (ID: 1g-NBG8MG_0O2uZh_tNBbapr-PKw9r8R8)
[2025-01-21 10:45:04] File uploaded successfully: 화면 캡처 2025-01-21 104233.jpg (ID: 1iGR-ovruipOdekz4ARxFGaPXiRvoq8qa, Link: https://drive.google.com/file/d/1iGR-ovruipOdekz4ARxFGaPXiRvoq8qa/view?usp=drivesdk)
[2025-01-21 10:45:05] File made public: 1iGR-ovruipOdekz4ARxFGaPXiRvoq8qa
[2025-01-21 10:45:23] Folder exists: 미래기업 (ID: 1wFPwb_VM2awlS5HGsQ78BBbD9cyCWJkn)
[2025-01-21 10:45:23] Folder exists: uploads (ID: 1g-NBG8MG_0O2uZh_tNBbapr-PKw9r8R8)
[2025-01-21 10:45:26] File uploaded successfully: 화면 캡처 2025-01-21 104233.jpg (ID: 1xw1ia0HKRViNcA4MBuSRg8Ml1mL3OAsH, Link: https://drive.google.com/file/d/1xw1ia0HKRViNcA4MBuSRg8Ml1mL3OAsH/view?usp=drivesdk)
[2025-01-21 10:45:26] File made public: 1xw1ia0HKRViNcA4MBuSRg8Ml1mL3OAsH
[2025-01-21 10:45:47] Folder exists: 미래기업 (ID: 1wFPwb_VM2awlS5HGsQ78BBbD9cyCWJkn)
[2025-01-21 10:45:48] Folder exists: uploads (ID: 1g-NBG8MG_0O2uZh_tNBbapr-PKw9r8R8)
[2025-01-21 10:45:50] File uploaded successfully: 화면 캡처 2025-01-21 104233.jpg (ID: 1kIdHEQy8JPa9yENm3vAcGIUkjzoyI71E, Link: https://drive.google.com/file/d/1kIdHEQy8JPa9yENm3vAcGIUkjzoyI71E/view?usp=drivesdk)
[2025-01-21 10:45:52] File made public: 1kIdHEQy8JPa9yENm3vAcGIUkjzoyI71E
[2025-01-21 12:30:42] Folder exists: 미래기업 (ID: 1wFPwb_VM2awlS5HGsQ78BBbD9cyCWJkn)
[2025-01-21 12:30:42] Folder exists: uploads (ID: 1g-NBG8MG_0O2uZh_tNBbapr-PKw9r8R8)
[2025-01-21 12:30:45] File uploaded successfully: 특수 3.jpg (ID: 1Vj5ktTfXzf-XZQQ7yZmVEPNuFbsFvTg9, Link: https://drive.google.com/file/d/1Vj5ktTfXzf-XZQQ7yZmVEPNuFbsFvTg9/view?usp=drivesdk)
[2025-01-21 12:30:46] File made public: 1Vj5ktTfXzf-XZQQ7yZmVEPNuFbsFvTg9
[2025-01-23 16:47:36] Folder exists: 미래기업 (ID: 1wFPwb_VM2awlS5HGsQ78BBbD9cyCWJkn)
[2025-01-23 16:47:37] Folder exists: uploads (ID: 1g-NBG8MG_0O2uZh_tNBbapr-PKw9r8R8)
[2025-01-23 16:47:41] File uploaded successfully: 화면 캡처 2025-01-21 104233.jpg (ID: 1wJeDPjv5G_WAMLHEDiu29lPyp1UdZBVm, Link: https://drive.google.com/file/d/1wJeDPjv5G_WAMLHEDiu29lPyp1UdZBVm/view?usp=drivesdk)
[2025-01-23 16:47:42] File made public: 1wJeDPjv5G_WAMLHEDiu29lPyp1UdZBVm
[2025-02-13 09:37:30] Folder exists: 미래기업 (ID: 1wFPwb_VM2awlS5HGsQ78BBbD9cyCWJkn)
[2025-02-13 09:37:30] Folder exists: uploads (ID: 1g-NBG8MG_0O2uZh_tNBbapr-PKw9r8R8)
[2025-02-13 09:37:33] File uploaded successfully: 특수 3.jpg (ID: 1qZ525GmX1IOEb2ZZs3MyWcgVleBl0khD, Link: https://drive.google.com/file/d/1qZ525GmX1IOEb2ZZs3MyWcgVleBl0khD/view?usp=drivesdk)
[2025-02-13 09:37:34] File made public: 1qZ525GmX1IOEb2ZZs3MyWcgVleBl0khD
[2025-02-19 15:20:13] Folder exists: 미래기업 (ID: 1wFPwb_VM2awlS5HGsQ78BBbD9cyCWJkn)
[2025-02-19 15:20:13] Folder exists: uploads (ID: 1g-NBG8MG_0O2uZh_tNBbapr-PKw9r8R8)
[2025-02-19 15:20:15] File uploaded successfully: 화면 캡처 2024-02-27 172656.jpg (ID: 1RivE5ktODnvOWBPsTkCsdKQZeTN6w7jG, Link: https://drive.google.com/file/d/1RivE5ktODnvOWBPsTkCsdKQZeTN6w7jG/view?usp=drivesdk)
[2025-02-19 15:20:16] File made public: 1RivE5ktODnvOWBPsTkCsdKQZeTN6w7jG
[2025-02-24 14:12:04] Folder exists: 미래기업 (ID: 1wFPwb_VM2awlS5HGsQ78BBbD9cyCWJkn)
[2025-02-24 14:12:04] Folder exists: uploads (ID: 1g-NBG8MG_0O2uZh_tNBbapr-PKw9r8R8)
[2025-02-24 14:12:07] File uploaded successfully: 화면 캡처 2024-04-30 135448.jpg (ID: 1INWUVyxTzbxLa4rfL8uCJ2uxcreij9a_, Link: https://drive.google.com/file/d/1INWUVyxTzbxLa4rfL8uCJ2uxcreij9a_/view?usp=drivesdk)
[2025-02-24 14:12:07] File made public: 1INWUVyxTzbxLa4rfL8uCJ2uxcreij9a_
[2025-02-26 13:55:20] Folder exists: 미래기업 (ID: 1wFPwb_VM2awlS5HGsQ78BBbD9cyCWJkn)
[2025-02-26 13:55:21] Folder exists: uploads (ID: 1g-NBG8MG_0O2uZh_tNBbapr-PKw9r8R8)
[2025-02-26 13:55:23] File uploaded successfully: 한산013 (2).jpg (ID: 1-zgFjhwBH9TEQavS6mG4T5ShfD6avDW6, Link: https://drive.google.com/file/d/1-zgFjhwBH9TEQavS6mG4T5ShfD6avDW6/view?usp=drivesdk)
[2025-02-26 13:55:24] File made public: 1-zgFjhwBH9TEQavS6mG4T5ShfD6avDW6
[2025-03-04 17:05:50] Folder exists: 미래기업 (ID: 1wFPwb_VM2awlS5HGsQ78BBbD9cyCWJkn)
[2025-03-04 17:05:51] Folder exists: uploads (ID: 1g-NBG8MG_0O2uZh_tNBbapr-PKw9r8R8)
[2025-03-04 17:05:53] File uploaded successfully: 026_1.png (ID: 1vVY-xQN-ZWyYAEHQBdJrTodFD-JZ8HVZ, Link: https://drive.google.com/file/d/1vVY-xQN-ZWyYAEHQBdJrTodFD-JZ8HVZ/view?usp=drivesdk)
[2025-03-04 17:05:54] File made public: 1vVY-xQN-ZWyYAEHQBdJrTodFD-JZ8HVZ
[2025-03-04 17:24:28] Folder exists: 미래기업 (ID: 1wFPwb_VM2awlS5HGsQ78BBbD9cyCWJkn)
[2025-03-04 17:24:28] Folder exists: uploads (ID: 1g-NBG8MG_0O2uZh_tNBbapr-PKw9r8R8)
[2025-03-04 17:24:30] File uploaded successfully: 026_1.png (ID: 1wivThvugLsVPeanW_wO9FnJZRYDdzqGv, Link: https://drive.google.com/file/d/1wivThvugLsVPeanW_wO9FnJZRYDdzqGv/view?usp=drivesdk)
[2025-03-04 17:24:32] File made public: 1wivThvugLsVPeanW_wO9FnJZRYDdzqGv
[2025-03-12 11:40:02] Folder exists: 미래기업 (ID: 1wFPwb_VM2awlS5HGsQ78BBbD9cyCWJkn)
[2025-03-12 11:40:02] Folder exists: uploads (ID: 1g-NBG8MG_0O2uZh_tNBbapr-PKw9r8R8)
[2025-03-12 11:40:04] File uploaded successfully: 화면 캡처 2024-04-29 132510.jpg (ID: 1A6JBNDv-N6TTywTkR67CBy6z09ySC4LA, Link: https://drive.google.com/file/d/1A6JBNDv-N6TTywTkR67CBy6z09ySC4LA/view?usp=drivesdk)
[2025-03-12 11:40:07] File made public: 1A6JBNDv-N6TTywTkR67CBy6z09ySC4LA
[2025-03-12 11:43:33] Folder exists: 미래기업 (ID: 1wFPwb_VM2awlS5HGsQ78BBbD9cyCWJkn)
[2025-03-12 11:43:34] Folder exists: uploads (ID: 1g-NBG8MG_0O2uZh_tNBbapr-PKw9r8R8)
[2025-03-12 11:43:36] File uploaded successfully: 화면 캡처 2024-04-29 132510.jpg (ID: 1g4C_NNTQUR1Nqs4kwEV0d9XaLEnf-_Cv, Link: https://drive.google.com/file/d/1g4C_NNTQUR1Nqs4kwEV0d9XaLEnf-_Cv/view?usp=drivesdk)
[2025-03-12 11:43:37] File made public: 1g4C_NNTQUR1Nqs4kwEV0d9XaLEnf-_Cv
[2025-03-12 11:47:55] Folder exists: 미래기업 (ID: 1wFPwb_VM2awlS5HGsQ78BBbD9cyCWJkn)
[2025-03-12 11:47:55] Folder exists: uploads (ID: 1g-NBG8MG_0O2uZh_tNBbapr-PKw9r8R8)
[2025-03-12 11:47:58] File uploaded successfully: 화면 캡처 2024-04-29 132510.jpg (ID: 1Tp3Xg-LaJvv3_XFf2R0XoIKxYU6nKTxI, Link: https://drive.google.com/file/d/1Tp3Xg-LaJvv3_XFf2R0XoIKxYU6nKTxI/view?usp=drivesdk)
[2025-03-12 11:48:01] File made public: 1Tp3Xg-LaJvv3_XFf2R0XoIKxYU6nKTxI
[2025-03-17 10:16:32] Folder exists: 미래기업 (ID: 1wFPwb_VM2awlS5HGsQ78BBbD9cyCWJkn)
[2025-03-17 10:16:33] Folder exists: uploads (ID: 1g-NBG8MG_0O2uZh_tNBbapr-PKw9r8R8)
[2025-03-17 10:16:35] File uploaded successfully: 026_1.png (ID: 1wyQ8xB2aBfDe14WkYzagdMRrWQynSqeb, Link: https://drive.google.com/file/d/1wyQ8xB2aBfDe14WkYzagdMRrWQynSqeb/view?usp=drivesdk)
[2025-03-17 10:16:37] File made public: 1wyQ8xB2aBfDe14WkYzagdMRrWQynSqeb
[2025-03-17 17:06:06] Folder exists: 미래기업 (ID: 1wFPwb_VM2awlS5HGsQ78BBbD9cyCWJkn)
[2025-03-17 17:06:06] Folder exists: uploads (ID: 1g-NBG8MG_0O2uZh_tNBbapr-PKw9r8R8)
[2025-03-17 17:06:08] File uploaded successfully: 한산013.jpg (ID: 1mKRddkPl3I1wiuKEnQ1b-9v6jN6lWh4C, Link: https://drive.google.com/file/d/1mKRddkPl3I1wiuKEnQ1b-9v6jN6lWh4C/view?usp=drivesdk)
[2025-03-17 17:06:10] File made public: 1mKRddkPl3I1wiuKEnQ1b-9v6jN6lWh4C
[2025-03-25 11:37:43] Folder exists: 미래기업 (ID: 1wFPwb_VM2awlS5HGsQ78BBbD9cyCWJkn)
[2025-03-25 11:37:43] Folder exists: uploads (ID: 1g-NBG8MG_0O2uZh_tNBbapr-PKw9r8R8)
[2025-03-25 11:37:45] File uploaded successfully: 화면 캡처 2024-04-29 132510.jpg (ID: 1cRaV6fOZNHgR9PuAtcV6M-57N8elr5rv, Link: https://drive.google.com/file/d/1cRaV6fOZNHgR9PuAtcV6M-57N8elr5rv/view?usp=drivesdk)
[2025-03-25 11:37:46] File made public: 1cRaV6fOZNHgR9PuAtcV6M-57N8elr5rv
[2025-03-25 13:34:40] Folder exists: 미래기업 (ID: 1wFPwb_VM2awlS5HGsQ78BBbD9cyCWJkn)
[2025-03-25 13:34:41] Folder exists: uploads (ID: 1g-NBG8MG_0O2uZh_tNBbapr-PKw9r8R8)
[2025-03-25 13:34:43] File uploaded successfully: 한산013.jpg (ID: 16ZcNY0UaXOukK_TUovsmMMpC5eDsBgYX, Link: https://drive.google.com/file/d/16ZcNY0UaXOukK_TUovsmMMpC5eDsBgYX/view?usp=drivesdk)
[2025-03-25 13:34:43] File made public: 16ZcNY0UaXOukK_TUovsmMMpC5eDsBgYX
[2025-03-31 15:34:04] Folder exists: 미래기업 (ID: 1wFPwb_VM2awlS5HGsQ78BBbD9cyCWJkn)
[2025-03-31 15:34:05] Folder exists: uploads (ID: 1g-NBG8MG_0O2uZh_tNBbapr-PKw9r8R8)
[2025-03-31 15:34:07] File uploaded successfully: 026_1.png (ID: 1Z0Z_H533JVWPFYY63ZJ1Ug9cqCa4yZUQ, Link: https://drive.google.com/file/d/1Z0Z_H533JVWPFYY63ZJ1Ug9cqCa4yZUQ/view?usp=drivesdk)
[2025-03-31 15:34:08] File made public: 1Z0Z_H533JVWPFYY63ZJ1Ug9cqCa4yZUQ
[2025-04-10 13:31:28] Folder exists: 미래기업 (ID: 1wFPwb_VM2awlS5HGsQ78BBbD9cyCWJkn)
[2025-04-10 13:31:28] Folder exists: uploads (ID: 1g-NBG8MG_0O2uZh_tNBbapr-PKw9r8R8)
[2025-04-10 13:31:30] File uploaded successfully: 화면 캡처 2024-04-22 104827.jpg (ID: 1gcbNa_vj90A-TFBJzN4BEnc9-gghqscV, Link: https://drive.google.com/file/d/1gcbNa_vj90A-TFBJzN4BEnc9-gghqscV/view?usp=drivesdk)
[2025-04-10 13:31:31] File made public: 1gcbNa_vj90A-TFBJzN4BEnc9-gghqscV
[2025-04-17 14:30:09] Folder exists: 미래기업 (ID: 1wFPwb_VM2awlS5HGsQ78BBbD9cyCWJkn)
[2025-04-17 14:30:10] Folder exists: uploads (ID: 1g-NBG8MG_0O2uZh_tNBbapr-PKw9r8R8)
[2025-04-17 14:30:13] File uploaded successfully: 한산013.jpg (ID: 1wG2Bd7Z5Gb7cSS1eoGgfbK8U7SWWeygN, Link: https://drive.google.com/file/d/1wG2Bd7Z5Gb7cSS1eoGgfbK8U7SWWeygN/view?usp=drivesdk)
[2025-04-17 14:30:13] File made public: 1wG2Bd7Z5Gb7cSS1eoGgfbK8U7SWWeygN
[2025-04-21 14:17:47] Folder exists: 미래기업 (ID: 1wFPwb_VM2awlS5HGsQ78BBbD9cyCWJkn)
[2025-04-21 14:17:47] Folder exists: uploads (ID: 1g-NBG8MG_0O2uZh_tNBbapr-PKw9r8R8)
[2025-04-21 14:17:51] File uploaded successfully: 루미닉스04(청디자인).jpg (ID: 13o4s-G6IDrLIpKR-3U5EhsvWXqYULFVG, Link: https://drive.google.com/file/d/13o4s-G6IDrLIpKR-3U5EhsvWXqYULFVG/view?usp=drivesdk)
[2025-04-21 14:17:53] File made public: 13o4s-G6IDrLIpKR-3U5EhsvWXqYULFVG
[2025-04-21 14:18:40] Folder exists: 미래기업 (ID: 1wFPwb_VM2awlS5HGsQ78BBbD9cyCWJkn)
[2025-04-21 14:18:40] Folder exists: uploads (ID: 1g-NBG8MG_0O2uZh_tNBbapr-PKw9r8R8)
[2025-04-21 14:18:42] File uploaded successfully: 루미닉스04(청디자인).jpg (ID: 1aMaB-R53UHVzRaruM9Ds_P42oHIoLckD, Link: https://drive.google.com/file/d/1aMaB-R53UHVzRaruM9Ds_P42oHIoLckD/view?usp=drivesdk)
[2025-04-21 14:18:43] File made public: 1aMaB-R53UHVzRaruM9Ds_P42oHIoLckD
[2025-05-09 15:05:57] Folder exists: 미래기업 (ID: 1wFPwb_VM2awlS5HGsQ78BBbD9cyCWJkn)
[2025-05-09 15:05:58] Folder exists: uploads (ID: 1g-NBG8MG_0O2uZh_tNBbapr-PKw9r8R8)
[2025-05-09 15:06:02] File uploaded successfully: 포브디자인.jpg (ID: 1ifZnT018R_vXnKKmE8zBN6aIV_Q15TZ5, Link: https://drive.google.com/file/d/1ifZnT018R_vXnKKmE8zBN6aIV_Q15TZ5/view?usp=drivesdk)
[2025-05-09 15:06:03] File made public: 1ifZnT018R_vXnKKmE8zBN6aIV_Q15TZ5
[2025-05-09 16:30:22] Folder exists: 미래기업 (ID: 1wFPwb_VM2awlS5HGsQ78BBbD9cyCWJkn)
[2025-05-09 16:30:23] Folder exists: uploads (ID: 1g-NBG8MG_0O2uZh_tNBbapr-PKw9r8R8)
[2025-05-09 16:30:25] File uploaded successfully: 화면 캡처 2024-03-21 144758.jpg (ID: 1VxC59RaF6AaGDiUO_jwPW29Aw-8i63qh, Link: https://drive.google.com/file/d/1VxC59RaF6AaGDiUO_jwPW29Aw-8i63qh/view?usp=drivesdk)
[2025-05-09 16:30:26] File made public: 1VxC59RaF6AaGDiUO_jwPW29Aw-8i63qh
[2025-05-09 16:31:46] Folder exists: 미래기업 (ID: 1wFPwb_VM2awlS5HGsQ78BBbD9cyCWJkn)
[2025-05-09 16:31:46] Folder exists: uploads (ID: 1g-NBG8MG_0O2uZh_tNBbapr-PKw9r8R8)
[2025-05-09 16:31:49] File uploaded successfully: 특수.png (ID: 1CwMeOyzomy6Cu7MXHFN4MTxkC5ezKcpm, Link: https://drive.google.com/file/d/1CwMeOyzomy6Cu7MXHFN4MTxkC5ezKcpm/view?usp=drivesdk)
[2025-05-09 16:31:49] File made public: 1CwMeOyzomy6Cu7MXHFN4MTxkC5ezKcpm
[2025-05-12 14:03:42] Folder exists: 미래기업 (ID: 1wFPwb_VM2awlS5HGsQ78BBbD9cyCWJkn)
[2025-05-12 14:03:42] Folder exists: uploads (ID: 1g-NBG8MG_0O2uZh_tNBbapr-PKw9r8R8)
[2025-05-12 14:03:44] File uploaded successfully: 제니트.jpg (ID: 1jAxGYFGiVzqb2g8BiGRuc1TQ4JNBgz1D, Link: https://drive.google.com/file/d/1jAxGYFGiVzqb2g8BiGRuc1TQ4JNBgz1D/view?usp=drivesdk)
[2025-05-12 14:03:45] File made public: 1jAxGYFGiVzqb2g8BiGRuc1TQ4JNBgz1D
[2025-05-12 14:04:00] Folder exists: 미래기업 (ID: 1wFPwb_VM2awlS5HGsQ78BBbD9cyCWJkn)
[2025-05-12 14:04:01] Folder exists: uploads (ID: 1g-NBG8MG_0O2uZh_tNBbapr-PKw9r8R8)
[2025-05-12 14:04:04] File uploaded successfully: 제니트.jpg (ID: 18mtNbXJ4LMDV2xSfe59f3k-MJ9S_cOQ0, Link: https://drive.google.com/file/d/18mtNbXJ4LMDV2xSfe59f3k-MJ9S_cOQ0/view?usp=drivesdk)
[2025-05-12 14:04:05] File made public: 18mtNbXJ4LMDV2xSfe59f3k-MJ9S_cOQ0
[2025-05-15 12:02:57] Folder exists: 미래기업 (ID: 1wFPwb_VM2awlS5HGsQ78BBbD9cyCWJkn)
[2025-05-15 12:02:58] Folder exists: uploads (ID: 1g-NBG8MG_0O2uZh_tNBbapr-PKw9r8R8)
[2025-05-15 12:03:00] File uploaded successfully: KakaoTalk_20240222_155236634.png (ID: 1CNNBUKj79SsRZq-TFFyEZ0-8ezuFz7Kj, Link: https://drive.google.com/file/d/1CNNBUKj79SsRZq-TFFyEZ0-8ezuFz7Kj/view?usp=drivesdk)
[2025-05-15 12:03:01] File made public: 1CNNBUKj79SsRZq-TFFyEZ0-8ezuFz7Kj
[2025-05-15 12:04:23] Folder exists: 미래기업 (ID: 1wFPwb_VM2awlS5HGsQ78BBbD9cyCWJkn)
[2025-05-15 12:04:23] Folder exists: uploads (ID: 1g-NBG8MG_0O2uZh_tNBbapr-PKw9r8R8)
[2025-05-15 12:04:25] File uploaded successfully: KakaoTalk_20240222_155236634.png (ID: 1PSeuzC1ugn1ow9B4_bAp71P6FEQqBpWt, Link: https://drive.google.com/file/d/1PSeuzC1ugn1ow9B4_bAp71P6FEQqBpWt/view?usp=drivesdk)
[2025-05-15 12:04:30] File made public: 1PSeuzC1ugn1ow9B4_bAp71P6FEQqBpWt
[2025-05-23 09:55:10] Folder exists: 미래기업 (ID: 1wFPwb_VM2awlS5HGsQ78BBbD9cyCWJkn)
[2025-05-23 09:55:10] Folder exists: uploads (ID: 1g-NBG8MG_0O2uZh_tNBbapr-PKw9r8R8)
[2025-05-23 09:55:12] File uploaded successfully: N20_1.png (ID: 10tSdPTxwoAt0nJ2KQbMzO7z5raeTs84I, Link: https://drive.google.com/file/d/10tSdPTxwoAt0nJ2KQbMzO7z5raeTs84I/view?usp=drivesdk)
[2025-05-23 09:55:13] File made public: 10tSdPTxwoAt0nJ2KQbMzO7z5raeTs84I
[2025-05-26 13:24:51] Folder exists: 미래기업 (ID: 1wFPwb_VM2awlS5HGsQ78BBbD9cyCWJkn)
[2025-05-26 13:24:51] Folder exists: uploads (ID: 1g-NBG8MG_0O2uZh_tNBbapr-PKw9r8R8)
[2025-05-26 13:24:54] File uploaded successfully: 026_1.png (ID: 1cLnug7_4Ne4uTQiEwsg1a0aMinb96xL6, Link: https://drive.google.com/file/d/1cLnug7_4Ne4uTQiEwsg1a0aMinb96xL6/view?usp=drivesdk)
[2025-05-26 13:24:55] File made public: 1cLnug7_4Ne4uTQiEwsg1a0aMinb96xL6
[2025-05-28 14:38:33] Folder exists: 미래기업 (ID: 1wFPwb_VM2awlS5HGsQ78BBbD9cyCWJkn)
[2025-05-28 14:38:34] Folder exists: uploads (ID: 1g-NBG8MG_0O2uZh_tNBbapr-PKw9r8R8)
[2025-05-28 14:38:37] File uploaded successfully: 청디자인.jpg (ID: 1wftPkj-BtdD_H4dtKfFxqf0GR48TbDa3, Link: https://drive.google.com/file/d/1wftPkj-BtdD_H4dtKfFxqf0GR48TbDa3/view?usp=drivesdk)
[2025-05-28 14:38:38] File made public: 1wftPkj-BtdD_H4dtKfFxqf0GR48TbDa3
[2025-05-28 14:39:37] Folder exists: 미래기업 (ID: 1wFPwb_VM2awlS5HGsQ78BBbD9cyCWJkn)
[2025-05-28 14:39:38] Folder exists: uploads (ID: 1g-NBG8MG_0O2uZh_tNBbapr-PKw9r8R8)
[2025-05-28 14:39:40] File uploaded successfully: 청디자인.jpg (ID: 1Im-RDZcEkc6tM8A5RgKvHuq93PcKV-xX, Link: https://drive.google.com/file/d/1Im-RDZcEkc6tM8A5RgKvHuq93PcKV-xX/view?usp=drivesdk)
[2025-05-28 14:39:41] File made public: 1Im-RDZcEkc6tM8A5RgKvHuq93PcKV-xX
[2025-06-09 15:58:23] Folder exists: 미래기업 (ID: 1wFPwb_VM2awlS5HGsQ78BBbD9cyCWJkn)
[2025-06-09 15:58:23] Folder exists: uploads (ID: 1g-NBG8MG_0O2uZh_tNBbapr-PKw9r8R8)
[2025-06-09 15:58:25] File uploaded successfully: 특수.png (ID: 185sllRrEYWAtExqXLC6V2Xx0nI5x1xWV, Link: https://drive.google.com/file/d/185sllRrEYWAtExqXLC6V2Xx0nI5x1xWV/view?usp=drivesdk)
[2025-06-09 15:58:26] File made public: 185sllRrEYWAtExqXLC6V2Xx0nI5x1xWV
[2025-06-09 16:05:16] Folder exists: 미래기업 (ID: 1wFPwb_VM2awlS5HGsQ78BBbD9cyCWJkn)
[2025-06-09 16:05:16] Folder exists: uploads (ID: 1g-NBG8MG_0O2uZh_tNBbapr-PKw9r8R8)
[2025-06-09 16:05:18] File uploaded successfully: 화면 캡처 2025-06-09 160454.jpg (ID: 1ihuu5vekzwxfgEHK3dLP69ekzzvWJbJT, Link: https://drive.google.com/file/d/1ihuu5vekzwxfgEHK3dLP69ekzzvWJbJT/view?usp=drivesdk)
[2025-06-09 16:05:19] File made public: 1ihuu5vekzwxfgEHK3dLP69ekzzvWJbJT
[2025-06-11 16:33:16] Folder exists: 미래기업 (ID: 1wFPwb_VM2awlS5HGsQ78BBbD9cyCWJkn)
[2025-06-11 16:33:16] Folder exists: uploads (ID: 1g-NBG8MG_0O2uZh_tNBbapr-PKw9r8R8)
[2025-06-11 16:33:18] File uploaded successfully: KakaoTalk_20240222_155236634.png (ID: 1TOe1gPLDds8Yb0VUNonycPP9CzK_WyQy, Link: https://drive.google.com/file/d/1TOe1gPLDds8Yb0VUNonycPP9CzK_WyQy/view?usp=drivesdk)
[2025-06-11 16:33:20] File made public: 1TOe1gPLDds8Yb0VUNonycPP9CzK_WyQy
[2025-06-12 17:16:59] Folder exists: 미래기업 (ID: 1wFPwb_VM2awlS5HGsQ78BBbD9cyCWJkn)
[2025-06-12 17:16:59] Folder exists: uploads (ID: 1g-NBG8MG_0O2uZh_tNBbapr-PKw9r8R8)
[2025-06-12 17:17:03] File uploaded successfully: 특수 3.jpg (ID: 1jkkv71jf4YyEPI0Oxb22c3WAktajUo0N, Link: https://drive.google.com/file/d/1jkkv71jf4YyEPI0Oxb22c3WAktajUo0N/view?usp=drivesdk)
[2025-06-12 17:17:04] File made public: 1jkkv71jf4YyEPI0Oxb22c3WAktajUo0N
[2025-06-20 10:37:22] Folder exists: 미래기업 (ID: 1wFPwb_VM2awlS5HGsQ78BBbD9cyCWJkn)
[2025-06-20 10:37:22] Folder exists: uploads (ID: 1g-NBG8MG_0O2uZh_tNBbapr-PKw9r8R8)
[2025-06-20 10:37:24] File uploaded successfully: 특수.png (ID: 1MDRRZ4_fMxYoZZb-c4jyigj4vFx4MiVQ, Link: https://drive.google.com/file/d/1MDRRZ4_fMxYoZZb-c4jyigj4vFx4MiVQ/view?usp=drivesdk)
[2025-06-20 10:37:25] File made public: 1MDRRZ4_fMxYoZZb-c4jyigj4vFx4MiVQ
[2025-06-20 10:38:39] Folder exists: 미래기업 (ID: 1wFPwb_VM2awlS5HGsQ78BBbD9cyCWJkn)
[2025-06-20 10:38:40] Folder exists: uploads (ID: 1g-NBG8MG_0O2uZh_tNBbapr-PKw9r8R8)
[2025-06-20 10:38:41] File uploaded successfully: 특수.png (ID: 11FFEdrkmtKCiH4e2BhI5BodgHlNaWp1S, Link: https://drive.google.com/file/d/11FFEdrkmtKCiH4e2BhI5BodgHlNaWp1S/view?usp=drivesdk)
[2025-06-20 10:38:42] File made public: 11FFEdrkmtKCiH4e2BhI5BodgHlNaWp1S
[2025-06-23 16:50:07] Folder exists: 미래기업 (ID: 1wFPwb_VM2awlS5HGsQ78BBbD9cyCWJkn)
[2025-06-23 16:50:08] Folder exists: uploads (ID: 1g-NBG8MG_0O2uZh_tNBbapr-PKw9r8R8)
[2025-06-23 16:50:10] File uploaded successfully: 화면 캡처 2025-06-23 164944.jpg (ID: 1YnEWGQzT6F2bdjGrsXEwl0CEK1BUYlFk, Link: https://drive.google.com/file/d/1YnEWGQzT6F2bdjGrsXEwl0CEK1BUYlFk/view?usp=drivesdk)
[2025-06-23 16:50:11] File made public: 1YnEWGQzT6F2bdjGrsXEwl0CEK1BUYlFk
[2025-06-25 13:27:51] Folder exists: 미래기업 (ID: 1wFPwb_VM2awlS5HGsQ78BBbD9cyCWJkn)
[2025-06-25 13:27:52] Folder exists: uploads (ID: 1g-NBG8MG_0O2uZh_tNBbapr-PKw9r8R8)
[2025-06-25 13:27:54] File uploaded successfully: 화면 캡처 2024-04-22 104827.jpg (ID: 1DIKqueMjbKOksZMC-IpyU4xTWX3fU0tX, Link: https://drive.google.com/file/d/1DIKqueMjbKOksZMC-IpyU4xTWX3fU0tX/view?usp=drivesdk)
[2025-06-25 13:27:55] File made public: 1DIKqueMjbKOksZMC-IpyU4xTWX3fU0tX
[2025-07-08 09:23:42] Folder exists: 미래기업 (ID: 1wFPwb_VM2awlS5HGsQ78BBbD9cyCWJkn)
[2025-07-08 09:23:43] Folder exists: uploads (ID: 1g-NBG8MG_0O2uZh_tNBbapr-PKw9r8R8)
[2025-07-08 09:23:45] File uploaded successfully: 신안산선(대오).jpg (ID: 1vajH3Y58Jkxl875umwGRmfioAHKetP7R, Link: https://drive.google.com/file/d/1vajH3Y58Jkxl875umwGRmfioAHKetP7R/view?usp=drivesdk)
[2025-07-08 09:23:46] File made public: 1vajH3Y58Jkxl875umwGRmfioAHKetP7R
[2025-07-10 16:52:56] Folder exists: 미래기업 (ID: 1wFPwb_VM2awlS5HGsQ78BBbD9cyCWJkn)
[2025-07-10 16:52:56] Folder exists: uploads (ID: 1g-NBG8MG_0O2uZh_tNBbapr-PKw9r8R8)
[2025-07-10 16:52:59] File uploaded successfully: 026_1.png (ID: 1Qmixni-LYTqJmmB_WurS18E16gC2_vQC, Link: https://drive.google.com/file/d/1Qmixni-LYTqJmmB_WurS18E16gC2_vQC/view?usp=drivesdk)
[2025-07-10 16:53:00] File made public: 1Qmixni-LYTqJmmB_WurS18E16gC2_vQC
[2025-07-10 16:55:39] Folder exists: 미래기업 (ID: 1wFPwb_VM2awlS5HGsQ78BBbD9cyCWJkn)
[2025-07-10 16:55:39] Folder exists: uploads (ID: 1g-NBG8MG_0O2uZh_tNBbapr-PKw9r8R8)
[2025-07-10 16:55:42] File uploaded successfully: 026_1.png (ID: 1M17Qz6OUyCQgNmWV-B_R80JGIl4N5KJE, Link: https://drive.google.com/file/d/1M17Qz6OUyCQgNmWV-B_R80JGIl4N5KJE/view?usp=drivesdk)
[2025-07-10 16:55:42] File made public: 1M17Qz6OUyCQgNmWV-B_R80JGIl4N5KJE
[2025-07-10 16:56:32] Folder exists: 미래기업 (ID: 1wFPwb_VM2awlS5HGsQ78BBbD9cyCWJkn)
[2025-07-10 16:56:33] Folder exists: uploads (ID: 1g-NBG8MG_0O2uZh_tNBbapr-PKw9r8R8)
[2025-07-10 16:56:35] File uploaded successfully: 026_1.png (ID: 1gkJDr7VLO59dtC0537LPmORTug3dcfx0, Link: https://drive.google.com/file/d/1gkJDr7VLO59dtC0537LPmORTug3dcfx0/view?usp=drivesdk)
[2025-07-10 16:56:37] File made public: 1gkJDr7VLO59dtC0537LPmORTug3dcfx0
[2025-07-10 17:01:13] Folder exists: 미래기업 (ID: 1wFPwb_VM2awlS5HGsQ78BBbD9cyCWJkn)
[2025-07-10 17:01:13] Folder exists: uploads (ID: 1g-NBG8MG_0O2uZh_tNBbapr-PKw9r8R8)
[2025-07-10 17:01:16] File uploaded successfully: 026_1.png (ID: 1ZyhYtQD67JXmfR-3HpZYxGG72PizU3pY, Link: https://drive.google.com/file/d/1ZyhYtQD67JXmfR-3HpZYxGG72PizU3pY/view?usp=drivesdk)
[2025-07-10 17:01:17] File made public: 1ZyhYtQD67JXmfR-3HpZYxGG72PizU3pY
[2025-07-10 17:03:21] Folder exists: 미래기업 (ID: 1wFPwb_VM2awlS5HGsQ78BBbD9cyCWJkn)
[2025-07-10 17:03:22] Folder exists: uploads (ID: 1g-NBG8MG_0O2uZh_tNBbapr-PKw9r8R8)
[2025-07-10 17:03:24] File uploaded successfully: 026_1.png (ID: 1QDXk_TnOyMnZmZwOjC_0bRHsE-oo2QtG, Link: https://drive.google.com/file/d/1QDXk_TnOyMnZmZwOjC_0bRHsE-oo2QtG/view?usp=drivesdk)
[2025-07-10 17:03:25] File made public: 1QDXk_TnOyMnZmZwOjC_0bRHsE-oo2QtG
[2025-07-10 17:04:37] Folder exists: 미래기업 (ID: 1wFPwb_VM2awlS5HGsQ78BBbD9cyCWJkn)
[2025-07-10 17:04:37] Folder exists: uploads (ID: 1g-NBG8MG_0O2uZh_tNBbapr-PKw9r8R8)
[2025-07-10 17:04:39] File uploaded successfully: 026_1.png (ID: 1k9NqAjkHfORMKb3hL7f1qOtwve5c_pMu, Link: https://drive.google.com/file/d/1k9NqAjkHfORMKb3hL7f1qOtwve5c_pMu/view?usp=drivesdk)
[2025-07-10 17:04:42] File made public: 1k9NqAjkHfORMKb3hL7f1qOtwve5c_pMu
[2025-07-10 17:15:40] Folder exists: 미래기업 (ID: 1wFPwb_VM2awlS5HGsQ78BBbD9cyCWJkn)
[2025-07-10 17:15:40] Folder exists: uploads (ID: 1g-NBG8MG_0O2uZh_tNBbapr-PKw9r8R8)
[2025-07-10 17:15:43] File uploaded successfully: N20_1.png (ID: 1KcrIm2Aas3I9vVUaRLnIbvUBlpCgNs0C, Link: https://drive.google.com/file/d/1KcrIm2Aas3I9vVUaRLnIbvUBlpCgNs0C/view?usp=drivesdk)
[2025-07-10 17:15:44] File made public: 1KcrIm2Aas3I9vVUaRLnIbvUBlpCgNs0C
[2025-07-14 15:52:04] Folder exists: 미래기업 (ID: 1wFPwb_VM2awlS5HGsQ78BBbD9cyCWJkn)
[2025-07-14 15:52:04] Folder exists: uploads (ID: 1g-NBG8MG_0O2uZh_tNBbapr-PKw9r8R8)
[2025-07-14 15:52:07] File uploaded successfully: 화면 캡처 2024-04-29 132510.jpg (ID: 1JOdLKVSqrt19HkKLXCF4ffiapceU1LSA, Link: https://drive.google.com/file/d/1JOdLKVSqrt19HkKLXCF4ffiapceU1LSA/view?usp=drivesdk)
[2025-07-14 15:52:07] File made public: 1JOdLKVSqrt19HkKLXCF4ffiapceU1LSA
[2025-07-14 15:54:03] Folder exists: 미래기업 (ID: 1wFPwb_VM2awlS5HGsQ78BBbD9cyCWJkn)
[2025-07-14 15:54:03] Folder exists: uploads (ID: 1g-NBG8MG_0O2uZh_tNBbapr-PKw9r8R8)
[2025-07-14 15:54:06] File uploaded successfully: 화면 캡처 2024-04-29 132510.jpg (ID: 1yGxvR-Hammo5eTId4dBnOKvng0NuCCxy, Link: https://drive.google.com/file/d/1yGxvR-Hammo5eTId4dBnOKvng0NuCCxy/view?usp=drivesdk)
[2025-07-14 15:54:07] File made public: 1yGxvR-Hammo5eTId4dBnOKvng0NuCCxy
[2025-07-14 16:01:00] Folder exists: 미래기업 (ID: 1wFPwb_VM2awlS5HGsQ78BBbD9cyCWJkn)
[2025-07-14 16:01:01] Folder exists: uploads (ID: 1g-NBG8MG_0O2uZh_tNBbapr-PKw9r8R8)
[2025-07-14 16:01:03] File uploaded successfully: 화면 캡처 2024-04-29 132510.jpg (ID: 1xLeTwkfQJjTx3Hw725iCJVKIqKS1-qKh, Link: https://drive.google.com/file/d/1xLeTwkfQJjTx3Hw725iCJVKIqKS1-qKh/view?usp=drivesdk)
[2025-07-14 16:01:04] File made public: 1xLeTwkfQJjTx3Hw725iCJVKIqKS1-qKh
[2025-07-14 16:01:32] Folder exists: 미래기업 (ID: 1wFPwb_VM2awlS5HGsQ78BBbD9cyCWJkn)
[2025-07-14 16:01:33] Folder exists: uploads (ID: 1g-NBG8MG_0O2uZh_tNBbapr-PKw9r8R8)
[2025-07-14 16:01:35] File uploaded successfully: 화면 캡처 2024-04-29 132510.jpg (ID: 1v2-_3Gv_eyMkul9LXTlaAjl99iyy1eFZ, Link: https://drive.google.com/file/d/1v2-_3Gv_eyMkul9LXTlaAjl99iyy1eFZ/view?usp=drivesdk)
[2025-07-14 16:01:36] File made public: 1v2-_3Gv_eyMkul9LXTlaAjl99iyy1eFZ
[2025-07-18 09:04:10] Folder exists: 미래기업 (ID: 1wFPwb_VM2awlS5HGsQ78BBbD9cyCWJkn)
[2025-07-18 09:04:10] Folder exists: uploads (ID: 1g-NBG8MG_0O2uZh_tNBbapr-PKw9r8R8)
[2025-07-18 09:04:12] File uploaded successfully: 화면 캡처 2024-04-22 104827.jpg (ID: 1JTDGmCD0TBjVR-CiYYkWr55YmvMlVBf4, Link: https://drive.google.com/file/d/1JTDGmCD0TBjVR-CiYYkWr55YmvMlVBf4/view?usp=drivesdk)
[2025-07-18 09:04:14] File made public: 1JTDGmCD0TBjVR-CiYYkWr55YmvMlVBf4
[2025-07-18 14:04:41] Folder exists: 미래기업 (ID: 1wFPwb_VM2awlS5HGsQ78BBbD9cyCWJkn)
[2025-07-18 14:04:41] Folder exists: uploads (ID: 1g-NBG8MG_0O2uZh_tNBbapr-PKw9r8R8)
[2025-07-18 14:04:44] File uploaded successfully: 20250718_140405.png (ID: 16hAp-H0itPIvu-LQXyBqNIVq5GcrbS2a, Link: https://drive.google.com/file/d/16hAp-H0itPIvu-LQXyBqNIVq5GcrbS2a/view?usp=drivesdk)
[2025-07-18 14:04:44] File made public: 16hAp-H0itPIvu-LQXyBqNIVq5GcrbS2a
[2025-07-23 16:16:29] Folder exists: 미래기업 (ID: 1wFPwb_VM2awlS5HGsQ78BBbD9cyCWJkn)
[2025-07-23 16:16:29] Folder exists: uploads (ID: 1g-NBG8MG_0O2uZh_tNBbapr-PKw9r8R8)
[2025-07-23 16:16:32] File uploaded successfully: 화면 캡처 2024-09-23 163337.jpg (ID: 1xHRFTgTBN2y_zNJnQMkHZmEfAWk9S2RL, Link: https://drive.google.com/file/d/1xHRFTgTBN2y_zNJnQMkHZmEfAWk9S2RL/view?usp=drivesdk)
[2025-07-23 16:16:33] File made public: 1xHRFTgTBN2y_zNJnQMkHZmEfAWk9S2RL
[2025-08-06 10:35:28] Folder exists: 미래기업 (ID: 1wFPwb_VM2awlS5HGsQ78BBbD9cyCWJkn)
[2025-08-06 10:35:29] Folder exists: uploads (ID: 1g-NBG8MG_0O2uZh_tNBbapr-PKw9r8R8)
[2025-08-06 10:35:31] File uploaded successfully: 화면 캡처 2024-12-19 090736.jpg (ID: 1ofPcgzdlIwAELJgIuAUzcwON9RWOyc_a, Link: https://drive.google.com/file/d/1ofPcgzdlIwAELJgIuAUzcwON9RWOyc_a/view?usp=drivesdk)
[2025-08-06 10:35:32] File made public: 1ofPcgzdlIwAELJgIuAUzcwON9RWOyc_a
[2025-08-07 13:16:30] Folder exists: 미래기업 (ID: 1wFPwb_VM2awlS5HGsQ78BBbD9cyCWJkn)
[2025-08-07 13:16:30] Folder exists: uploads (ID: 1g-NBG8MG_0O2uZh_tNBbapr-PKw9r8R8)
[2025-08-07 13:16:33] File uploaded successfully: 삼척국민체육문화센터외.jpg (ID: 1kvHvmA19YRGtGmviFXS-OojbwB9QjAX8, Link: https://drive.google.com/file/d/1kvHvmA19YRGtGmviFXS-OojbwB9QjAX8/view?usp=drivesdk)
[2025-08-07 13:16:36] File made public: 1kvHvmA19YRGtGmviFXS-OojbwB9QjAX8
[2025-08-07 13:17:43] Folder exists: 미래기업 (ID: 1wFPwb_VM2awlS5HGsQ78BBbD9cyCWJkn)
[2025-08-07 13:17:43] Folder exists: uploads (ID: 1g-NBG8MG_0O2uZh_tNBbapr-PKw9r8R8)
[2025-08-07 13:17:46] File uploaded successfully: 삼척국민체육문화센터외.jpg (ID: 1SCKSm3sxlMf4oNw8vnViniP9cXSXz5Td, Link: https://drive.google.com/file/d/1SCKSm3sxlMf4oNw8vnViniP9cXSXz5Td/view?usp=drivesdk)
[2025-08-07 13:17:47] File made public: 1SCKSm3sxlMf4oNw8vnViniP9cXSXz5Td
[2025-08-08 12:31:44] Folder exists: 미래기업 (ID: 1wFPwb_VM2awlS5HGsQ78BBbD9cyCWJkn)
[2025-08-08 12:31:44] Folder exists: uploads (ID: 1g-NBG8MG_0O2uZh_tNBbapr-PKw9r8R8)
[2025-08-08 12:31:47] File uploaded successfully: KakaoTalk_20250808_110347702.jpg (ID: 1T5zVs_IxTOBr41V9hmfW4FMNa-fN9Ltm, Link: https://drive.google.com/file/d/1T5zVs_IxTOBr41V9hmfW4FMNa-fN9Ltm/view?usp=drivesdk)
[2025-08-08 12:31:48] File made public: 1T5zVs_IxTOBr41V9hmfW4FMNa-fN9Ltm
[2025-08-08 12:31:56] Folder exists: 미래기업 (ID: 1wFPwb_VM2awlS5HGsQ78BBbD9cyCWJkn)
[2025-08-08 12:31:56] Folder exists: uploads (ID: 1g-NBG8MG_0O2uZh_tNBbapr-PKw9r8R8)
[2025-08-12 09:30:33] Folder exists: 미래기업 (ID: 1wFPwb_VM2awlS5HGsQ78BBbD9cyCWJkn)
[2025-08-12 09:30:34] Folder exists: uploads (ID: 1g-NBG8MG_0O2uZh_tNBbapr-PKw9r8R8)
[2025-08-12 09:30:36] File uploaded successfully: 특수.png (ID: 13ms7JSYh0RVEavbj9orPFEoU-ipymHvd, Link: https://drive.google.com/file/d/13ms7JSYh0RVEavbj9orPFEoU-ipymHvd/view?usp=drivesdk)
[2025-08-12 09:30:37] File made public: 13ms7JSYh0RVEavbj9orPFEoU-ipymHvd
[2025-08-12 16:01:25] Folder exists: 미래기업 (ID: 1wFPwb_VM2awlS5HGsQ78BBbD9cyCWJkn)
[2025-08-12 16:01:26] Folder exists: uploads (ID: 1g-NBG8MG_0O2uZh_tNBbapr-PKw9r8R8)
[2025-08-12 16:01:28] File uploaded successfully: 026_1.png (ID: 1KBaPFIcX4d9ksD3vxCQzI7qoIlsR8kiz, Link: https://drive.google.com/file/d/1KBaPFIcX4d9ksD3vxCQzI7qoIlsR8kiz/view?usp=drivesdk)
[2025-08-12 16:01:29] File made public: 1KBaPFIcX4d9ksD3vxCQzI7qoIlsR8kiz
[2025-08-13 13:38:17] Folder exists: 미래기업 (ID: 1wFPwb_VM2awlS5HGsQ78BBbD9cyCWJkn)
[2025-08-13 13:38:18] Folder exists: uploads (ID: 1g-NBG8MG_0O2uZh_tNBbapr-PKw9r8R8)
[2025-08-13 13:38:20] File uploaded successfully: 화면 캡처 2024-03-14 161218.jpg (ID: 1TqrN7gR0KyoNbtWRJYXIsFkp8VR9hRn5, Link: https://drive.google.com/file/d/1TqrN7gR0KyoNbtWRJYXIsFkp8VR9hRn5/view?usp=drivesdk)
[2025-08-13 13:38:21] File made public: 1TqrN7gR0KyoNbtWRJYXIsFkp8VR9hRn5
[2025-08-13 13:39:49] Folder exists: 미래기업 (ID: 1wFPwb_VM2awlS5HGsQ78BBbD9cyCWJkn)
[2025-08-13 13:39:49] Folder exists: uploads (ID: 1g-NBG8MG_0O2uZh_tNBbapr-PKw9r8R8)
[2025-08-13 13:39:52] File uploaded successfully: 화면 캡처 2024-03-14 161218.jpg (ID: 1aLpFuD3Tv0Jy6JYAqpWmnbPJZmZBXJI6, Link: https://drive.google.com/file/d/1aLpFuD3Tv0Jy6JYAqpWmnbPJZmZBXJI6/view?usp=drivesdk)
[2025-08-13 13:39:53] File made public: 1aLpFuD3Tv0Jy6JYAqpWmnbPJZmZBXJI6
[2025-08-13 13:41:30] Folder exists: 미래기업 (ID: 1wFPwb_VM2awlS5HGsQ78BBbD9cyCWJkn)
[2025-08-13 13:41:30] Folder exists: uploads (ID: 1g-NBG8MG_0O2uZh_tNBbapr-PKw9r8R8)
[2025-08-13 13:41:32] File uploaded successfully: 화면 캡처 2025-01-06 104730.jpg (ID: 1hYIz8bRWPKIUp-FJa0ElbmdJUDkN0zlg, Link: https://drive.google.com/file/d/1hYIz8bRWPKIUp-FJa0ElbmdJUDkN0zlg/view?usp=drivesdk)
[2025-08-13 13:41:33] File made public: 1hYIz8bRWPKIUp-FJa0ElbmdJUDkN0zlg
[2025-08-13 13:47:11] Folder exists: 미래기업 (ID: 1wFPwb_VM2awlS5HGsQ78BBbD9cyCWJkn)
[2025-08-13 13:47:11] Folder exists: uploads (ID: 1g-NBG8MG_0O2uZh_tNBbapr-PKw9r8R8)
[2025-08-13 13:47:14] File uploaded successfully: 화면 캡처 2025-08-13 134606.jpg (ID: 1Bbz2eTMve1lpRf6n-39ssGll1sNI3zky, Link: https://drive.google.com/file/d/1Bbz2eTMve1lpRf6n-39ssGll1sNI3zky/view?usp=drivesdk)
[2025-08-13 13:47:15] File made public: 1Bbz2eTMve1lpRf6n-39ssGll1sNI3zky
[2025-08-19 10:20:20] Folder exists: 미래기업 (ID: 1wFPwb_VM2awlS5HGsQ78BBbD9cyCWJkn)
[2025-08-19 10:20:21] Folder exists: uploads (ID: 1g-NBG8MG_0O2uZh_tNBbapr-PKw9r8R8)
[2025-08-19 10:20:24] File uploaded successfully: KakaoTalk_20250819_100752968.jpg (ID: 1Dviv6h7VrhjCe3tE8SWydBOkyaNp-9pY, Link: https://drive.google.com/file/d/1Dviv6h7VrhjCe3tE8SWydBOkyaNp-9pY/view?usp=drivesdk)
[2025-08-19 10:20:25] File made public: 1Dviv6h7VrhjCe3tE8SWydBOkyaNp-9pY
[2025-08-26 13:45:21] Folder exists: 미래기업 (ID: 1wFPwb_VM2awlS5HGsQ78BBbD9cyCWJkn)
[2025-08-26 13:45:21] Folder exists: uploads (ID: 1g-NBG8MG_0O2uZh_tNBbapr-PKw9r8R8)
[2025-08-26 13:45:24] File uploaded successfully: 조명천장 (1).png (ID: 1wMI7c9SSUlbZJ-I48UfBipudaTM9Ia7A, Link: https://drive.google.com/file/d/1wMI7c9SSUlbZJ-I48UfBipudaTM9Ia7A/view?usp=drivesdk)
[2025-08-26 13:45:24] File made public: 1wMI7c9SSUlbZJ-I48UfBipudaTM9Ia7A
[2025-08-26 17:07:21] Folder exists: 미래기업 (ID: 1wFPwb_VM2awlS5HGsQ78BBbD9cyCWJkn)
[2025-08-26 17:07:22] Folder exists: uploads (ID: 1g-NBG8MG_0O2uZh_tNBbapr-PKw9r8R8)
[2025-08-26 17:07:24] File uploaded successfully: LH안동옥송6.jpg (ID: 1913DF3Y9cw7awb_NoLOsqhdpDD83OrWW, Link: https://drive.google.com/file/d/1913DF3Y9cw7awb_NoLOsqhdpDD83OrWW/view?usp=drivesdk)
[2025-08-26 17:07:25] File made public: 1913DF3Y9cw7awb_NoLOsqhdpDD83OrWW
[2025-08-26 17:09:59] Folder exists: 미래기업 (ID: 1wFPwb_VM2awlS5HGsQ78BBbD9cyCWJkn)
[2025-08-26 17:09:59] Folder exists: uploads (ID: 1g-NBG8MG_0O2uZh_tNBbapr-PKw9r8R8)
[2025-08-26 17:10:02] File uploaded successfully: LH안동옥송6.jpg (ID: 1jyr7Ajvpw25ZgshX1IW88UJEp43ewJPV, Link: https://drive.google.com/file/d/1jyr7Ajvpw25ZgshX1IW88UJEp43ewJPV/view?usp=drivesdk)
[2025-08-26 17:10:03] File made public: 1jyr7Ajvpw25ZgshX1IW88UJEp43ewJPV
[2025-08-26 17:10:28] Folder exists: 미래기업 (ID: 1wFPwb_VM2awlS5HGsQ78BBbD9cyCWJkn)
[2025-08-26 17:10:29] Folder exists: uploads (ID: 1g-NBG8MG_0O2uZh_tNBbapr-PKw9r8R8)
[2025-08-26 17:10:31] File uploaded successfully: LH안동옥송6.jpg (ID: 1G-otFJf464vn5q60atcirphITBYF5Tb5, Link: https://drive.google.com/file/d/1G-otFJf464vn5q60atcirphITBYF5Tb5/view?usp=drivesdk)
[2025-08-26 17:10:34] File made public: 1G-otFJf464vn5q60atcirphITBYF5Tb5
[2025-08-26 17:10:42] Folder exists: 미래기업 (ID: 1wFPwb_VM2awlS5HGsQ78BBbD9cyCWJkn)
[2025-08-26 17:10:42] Folder exists: uploads (ID: 1g-NBG8MG_0O2uZh_tNBbapr-PKw9r8R8)
[2025-08-27 11:16:31] Folder exists: 미래기업 (ID: 1wFPwb_VM2awlS5HGsQ78BBbD9cyCWJkn)
[2025-08-27 11:16:31] Folder exists: uploads (ID: 1g-NBG8MG_0O2uZh_tNBbapr-PKw9r8R8)
[2025-08-27 11:16:34] File uploaded successfully: N20_1.png (ID: 1QgHxeut4u0BOnVvbQiYV7dnBzWW36ys3, Link: https://drive.google.com/file/d/1QgHxeut4u0BOnVvbQiYV7dnBzWW36ys3/view?usp=drivesdk)
[2025-08-27 11:16:35] File made public: 1QgHxeut4u0BOnVvbQiYV7dnBzWW36ys3
[2025-08-27 11:17:27] Folder exists: 미래기업 (ID: 1wFPwb_VM2awlS5HGsQ78BBbD9cyCWJkn)
[2025-08-27 11:17:27] Folder exists: uploads (ID: 1g-NBG8MG_0O2uZh_tNBbapr-PKw9r8R8)
[2025-08-27 11:17:30] File uploaded successfully: N20_1.png (ID: 1SGBlgjKiatNYKMJMpXLw3t0BFrY2I28j, Link: https://drive.google.com/file/d/1SGBlgjKiatNYKMJMpXLw3t0BFrY2I28j/view?usp=drivesdk)
[2025-08-27 11:17:31] File made public: 1SGBlgjKiatNYKMJMpXLw3t0BFrY2I28j
[2025-08-27 11:18:31] Folder exists: 미래기업 (ID: 1wFPwb_VM2awlS5HGsQ78BBbD9cyCWJkn)
[2025-08-27 11:18:31] Folder exists: uploads (ID: 1g-NBG8MG_0O2uZh_tNBbapr-PKw9r8R8)
[2025-08-27 11:18:34] File uploaded successfully: N20_1.png (ID: 1-5oCRDdSKXvSXn0tZnFkEuYjA0mE34e7, Link: https://drive.google.com/file/d/1-5oCRDdSKXvSXn0tZnFkEuYjA0mE34e7/view?usp=drivesdk)
[2025-08-27 11:18:35] File made public: 1-5oCRDdSKXvSXn0tZnFkEuYjA0mE34e7
[2025-08-27 11:21:59] Folder exists: 미래기업 (ID: 1wFPwb_VM2awlS5HGsQ78BBbD9cyCWJkn)
[2025-08-27 11:22:00] Folder exists: uploads (ID: 1g-NBG8MG_0O2uZh_tNBbapr-PKw9r8R8)
[2025-08-27 11:22:02] File uploaded successfully: N20_1.png (ID: 1eiFZS3yoPnFThTtt4DAfmLeqX1gqZgg1, Link: https://drive.google.com/file/d/1eiFZS3yoPnFThTtt4DAfmLeqX1gqZgg1/view?usp=drivesdk)
[2025-08-27 11:22:03] File made public: 1eiFZS3yoPnFThTtt4DAfmLeqX1gqZgg1
[2025-08-27 11:25:27] Folder exists: 미래기업 (ID: 1wFPwb_VM2awlS5HGsQ78BBbD9cyCWJkn)
[2025-08-27 11:25:27] Folder exists: uploads (ID: 1g-NBG8MG_0O2uZh_tNBbapr-PKw9r8R8)
[2025-08-27 11:25:30] File uploaded successfully: N20_1.png (ID: 1BH16wY6aHP7nIU7CK7InctQvRDoxIwg0, Link: https://drive.google.com/file/d/1BH16wY6aHP7nIU7CK7InctQvRDoxIwg0/view?usp=drivesdk)
[2025-08-27 11:25:31] File made public: 1BH16wY6aHP7nIU7CK7InctQvRDoxIwg0
[2025-08-27 11:44:55] Folder exists: 미래기업 (ID: 1wFPwb_VM2awlS5HGsQ78BBbD9cyCWJkn)
[2025-08-27 11:44:56] Folder exists: uploads (ID: 1g-NBG8MG_0O2uZh_tNBbapr-PKw9r8R8)
[2025-08-27 11:44:59] File uploaded successfully: N20_1.png (ID: 1JEDuXJv4Uj0ulRIdBKjOUEqj58Guss6p, Link: https://drive.google.com/file/d/1JEDuXJv4Uj0ulRIdBKjOUEqj58Guss6p/view?usp=drivesdk)
[2025-08-27 11:45:00] File made public: 1JEDuXJv4Uj0ulRIdBKjOUEqj58Guss6p
[2025-08-27 11:45:56] Folder exists: 미래기업 (ID: 1wFPwb_VM2awlS5HGsQ78BBbD9cyCWJkn)
[2025-08-27 11:45:57] Folder exists: uploads (ID: 1g-NBG8MG_0O2uZh_tNBbapr-PKw9r8R8)
[2025-08-27 11:46:00] File uploaded successfully: N20_1.png (ID: 148zULEPalIrctiWOfeIrx8WY1aOcVPf0, Link: https://drive.google.com/file/d/148zULEPalIrctiWOfeIrx8WY1aOcVPf0/view?usp=drivesdk)
[2025-08-27 11:46:01] File made public: 148zULEPalIrctiWOfeIrx8WY1aOcVPf0
[2025-08-27 11:47:01] Folder exists: 미래기업 (ID: 1wFPwb_VM2awlS5HGsQ78BBbD9cyCWJkn)
[2025-08-27 11:47:01] Folder exists: uploads (ID: 1g-NBG8MG_0O2uZh_tNBbapr-PKw9r8R8)
[2025-08-27 11:47:04] File uploaded successfully: N20_1.png (ID: 1N6KoDuux9XXHFkmmcOkD6pwxbuvUqZYm, Link: https://drive.google.com/file/d/1N6KoDuux9XXHFkmmcOkD6pwxbuvUqZYm/view?usp=drivesdk)
[2025-08-27 11:47:05] File made public: 1N6KoDuux9XXHFkmmcOkD6pwxbuvUqZYm
[2025-08-27 11:47:57] Folder exists: 미래기업 (ID: 1wFPwb_VM2awlS5HGsQ78BBbD9cyCWJkn)
[2025-08-27 11:47:57] Folder exists: uploads (ID: 1g-NBG8MG_0O2uZh_tNBbapr-PKw9r8R8)
[2025-08-27 11:47:59] File uploaded successfully: N20_1.png (ID: 1ar-Dn-04eMPmvv4_KhYgcDru-0jhEmX3, Link: https://drive.google.com/file/d/1ar-Dn-04eMPmvv4_KhYgcDru-0jhEmX3/view?usp=drivesdk)
[2025-08-27 11:48:00] File made public: 1ar-Dn-04eMPmvv4_KhYgcDru-0jhEmX3
[2025-09-03 16:33:08] Folder exists: 미래기업 (ID: 1wFPwb_VM2awlS5HGsQ78BBbD9cyCWJkn)
[2025-09-03 16:33:08] Folder exists: uploads (ID: 1g-NBG8MG_0O2uZh_tNBbapr-PKw9r8R8)
[2025-09-03 16:33:11] File uploaded successfully: 분당시니어스타워(엘리브).jpg (ID: 1U9Iue6RFA6SPI47Mj7vKusXWZqnvqE6y, Link: https://drive.google.com/file/d/1U9Iue6RFA6SPI47Mj7vKusXWZqnvqE6y/view?usp=drivesdk)
[2025-09-03 16:33:13] File made public: 1U9Iue6RFA6SPI47Mj7vKusXWZqnvqE6y
[2025-09-03 16:33:31] Folder exists: 미래기업 (ID: 1wFPwb_VM2awlS5HGsQ78BBbD9cyCWJkn)
[2025-09-03 16:33:32] Folder exists: uploads (ID: 1g-NBG8MG_0O2uZh_tNBbapr-PKw9r8R8)
[2025-09-03 16:33:34] File uploaded successfully: 분당시니어스타워(엘리브).jpg (ID: 1aLKHML5z50i-SMtemTxtlhpavcK7Tf_r, Link: https://drive.google.com/file/d/1aLKHML5z50i-SMtemTxtlhpavcK7Tf_r/view?usp=drivesdk)
[2025-09-03 16:33:35] File made public: 1aLKHML5z50i-SMtemTxtlhpavcK7Tf_r
[2025-09-04 09:03:19] Folder exists: 미래기업 (ID: 1wFPwb_VM2awlS5HGsQ78BBbD9cyCWJkn)
[2025-09-04 09:03:20] Folder exists: uploads (ID: 1g-NBG8MG_0O2uZh_tNBbapr-PKw9r8R8)
[2025-09-04 09:03:22] File uploaded successfully: 서산시새마을회.jpg (ID: 1sVnTHQXvFpwXGe_Qd8B6rHfEDUyoQVQn, Link: https://drive.google.com/file/d/1sVnTHQXvFpwXGe_Qd8B6rHfEDUyoQVQn/view?usp=drivesdk)
[2025-09-04 09:03:23] File made public: 1sVnTHQXvFpwXGe_Qd8B6rHfEDUyoQVQn
[2025-09-10 09:35:57] Folder exists: 미래기업 (ID: 1wFPwb_VM2awlS5HGsQ78BBbD9cyCWJkn)
[2025-09-10 09:35:57] Folder exists: uploads (ID: 1g-NBG8MG_0O2uZh_tNBbapr-PKw9r8R8)
[2025-09-10 09:36:00] File uploaded successfully: 특수.png (ID: 1zjDvkiUl7VVLyvslX207fS8b1ySwhcmm, Link: https://drive.google.com/file/d/1zjDvkiUl7VVLyvslX207fS8b1ySwhcmm/view?usp=drivesdk)
[2025-09-10 09:36:03] File made public: 1zjDvkiUl7VVLyvslX207fS8b1ySwhcmm
[2025-09-15 10:08:29] Folder exists: 미래기업 (ID: 1wFPwb_VM2awlS5HGsQ78BBbD9cyCWJkn)
[2025-09-15 10:08:29] Folder exists: uploads (ID: 1g-NBG8MG_0O2uZh_tNBbapr-PKw9r8R8)
[2025-09-15 10:08:32] File uploaded successfully: 026_1.png (ID: 1Vk3ufsb8B3oRXyIdr_XRkkpZjdYkBdyZ, Link: https://drive.google.com/file/d/1Vk3ufsb8B3oRXyIdr_XRkkpZjdYkBdyZ/view?usp=drivesdk)
[2025-09-15 10:08:32] File made public: 1Vk3ufsb8B3oRXyIdr_XRkkpZjdYkBdyZ
[2025-09-18 15:59:41] Folder exists: 미래기업 (ID: 1wFPwb_VM2awlS5HGsQ78BBbD9cyCWJkn)
[2025-09-18 15:59:41] Folder exists: uploads (ID: 1g-NBG8MG_0O2uZh_tNBbapr-PKw9r8R8)
[2025-09-18 15:59:43] File uploaded successfully: 특수.png (ID: 1vrD1U_Mtk_GYFTxoPbbTkCxujsjCV-Q2, Link: https://drive.google.com/file/d/1vrD1U_Mtk_GYFTxoPbbTkCxujsjCV-Q2/view?usp=drivesdk)
[2025-09-18 15:59:46] File made public: 1vrD1U_Mtk_GYFTxoPbbTkCxujsjCV-Q2
[2025-09-22 16:06:53] Folder exists: 미래기업 (ID: 1wFPwb_VM2awlS5HGsQ78BBbD9cyCWJkn)
[2025-09-22 16:06:53] Folder exists: uploads (ID: 1g-NBG8MG_0O2uZh_tNBbapr-PKw9r8R8)
[2025-09-22 16:06:58] File uploaded successfully: 027.png (ID: 1bYUcLIkzAsEhg3yTRS2DyPtv4mCnxF8h, Link: https://drive.google.com/file/d/1bYUcLIkzAsEhg3yTRS2DyPtv4mCnxF8h/view?usp=drivesdk)
[2025-09-22 16:06:58] File made public: 1bYUcLIkzAsEhg3yTRS2DyPtv4mCnxF8h
[2025-09-22 16:36:54] Folder exists: 미래기업 (ID: 1wFPwb_VM2awlS5HGsQ78BBbD9cyCWJkn)
[2025-09-22 16:36:54] Folder exists: uploads (ID: 1g-NBG8MG_0O2uZh_tNBbapr-PKw9r8R8)
[2025-09-22 16:36:56] File uploaded successfully: N20_1.png (ID: 1HWA2sFH6z0xwVyElqfwHC_B85PWTo5q1, Link: https://drive.google.com/file/d/1HWA2sFH6z0xwVyElqfwHC_B85PWTo5q1/view?usp=drivesdk)
[2025-09-22 16:36:57] File made public: 1HWA2sFH6z0xwVyElqfwHC_B85PWTo5q1
